<?xml version="1.0" encoding="UTF-8"?>
<!-- Generated by org.testng.reporters.JUnitReportReporter -->
<testsuite hostname="DESKTOP-T6KLQOF" failures="0" tests="1" name="driverFactory.AppTest" time="74.161" errors="0" timestamp="2024-12-06T11:21:18 IST" skipped="0">
  <testcase classname="driverFactory.AppTest" name="startTest" time="74.161">
    <system-out>
      <![CDATA[Stock-000003832         Stock-000003832]]>
    </system-out>
  </testcase> <!-- startTest -->
  <system-out>
    <![CDATA[Stock-000003832         Stock-000003832]]>
  </system-out>
</testsuite> <!-- driverFactory.AppTest -->
